

Microchip MPLAB XC8 Assembler V2.05 build -831301201 
                                                                                               Fri Jul 31 12:00:19 2020

Microchip MPLAB XC8 C Compiler v2.05 (Free license) build 20181220022703 Og1 
     1                           	processor	16F18446
     2                           	opt	pw 120
     3                           	opt	flic
     4                           	psect	cinit,global,class=CODE,merge=1,delta=2
     5                           	psect	cstackCOMMON,global,class=COMMON,space=1,delta=1
     6                           	psect	maintext,global,class=CODE,merge=1,split=1,delta=2
     7                           	dabs	1,0x7E,2
     8  0000                     
     9                           ; Version 2.05
    10                           ; Generated 20/12/2018 GMT
    11                           ; 
    12                           ; Copyright © 2018, Microchip Technology Inc. and its subsidiaries ("Microchip")
    13                           ; All rights reserved.
    14                           ; 
    15                           ; This software is developed by Microchip Technology Inc. and its subsidiaries ("Microch
      +                          ip").
    16                           ; 
    17                           ; Redistribution and use in source and binary forms, with or without modification, are
    18                           ; permitted provided that the following conditions are met:
    19                           ; 
    20                           ;     1. Redistributions of source code must retain the above copyright notice, this lis
      +                          t of
    21                           ;        conditions and the following disclaimer.
    22                           ; 
    23                           ;     2. Redistributions in binary form must reproduce the above copyright notice, this 
      +                          list
    24                           ;        of conditions and the following disclaimer in the documentation and/or other
    25                           ;        materials provided with the distribution.
    26                           ; 
    27                           ;     3. Microchip's name may not be used to endorse or promote products derived from th
      +                          is
    28                           ;        software without specific prior written permission.
    29                           ; 
    30                           ; THIS SOFTWARE IS PROVIDED BY MICROCHIP "AS IS" AND ANY EXPRESS OR IMPLIED WARRANTIES,
    31                           ; INCLUDING, BUT NOT LIMITED TO, THE IMPLIED WARRANTIES OF MERCHANTABILITY AND FITNESS F
      +                          OR
    32                           ; PURPOSE ARE DISCLAIMED.  IN NO EVENT SHALL MICROCHIP BE LIABLE FOR ANY DIRECT, INDIREC
      +                          T,
    33                           ; INCIDENTAL, SPECIAL, EXEMPLARY, OR CONSEQUENTIAL DAMAGES (INCLUDING BUT NOT LIMITED TO
    34                           ; PROCUREMENT OF SUBSTITUTE GOODS OR SERVICES; LOSS OF USE, DATA OR PROFITS; OR BUSINESS
    35                           ; INTERRUPTION) HOWSOEVER CAUSED AND ON ANY THEORY OF LIABILITY, WHETHER IN CONTRACT, ST
      +                          RICT
    36                           ; LIABILITY, OR TORT (INCLUDING NEGLIGENCE OR OTHERWISE) ARISING IN ANY WAY OUT OF THE U
      +                          SE OF
    37                           ; THIS SOFTWARE, EVEN IF ADVISED OF THE POSSIBILITY OF SUCH DAMAGE.
    38                           ; 
    39                           ; 
    40                           ; Code-generator required, PIC16F18446 Definitions
    41                           ; 
    42                           ; SFR Addresses
    43  0000                     	;# 
    44  0001                     	;# 
    45  0002                     	;# 
    46  0003                     	;# 
    47  0004                     	;# 
    48  0005                     	;# 
    49  0006                     	;# 
    50  0007                     	;# 
    51  0008                     	;# 
    52  0009                     	;# 
    53  000A                     	;# 
    54  000B                     	;# 
    55  000C                     	;# 
    56  000D                     	;# 
    57  000E                     	;# 
    58  0012                     	;# 
    59  0013                     	;# 
    60  0014                     	;# 
    61  0018                     	;# 
    62  0019                     	;# 
    63  001A                     	;# 
    64  008C                     	;# 
    65  008C                     	;# 
    66  008D                     	;# 
    67  008E                     	;# 
    68  008E                     	;# 
    69  008F                     	;# 
    70  0090                     	;# 
    71  0090                     	;# 
    72  0091                     	;# 
    73  0092                     	;# 
    74  0092                     	;# 
    75  0093                     	;# 
    76  0094                     	;# 
    77  0094                     	;# 
    78  0095                     	;# 
    79  0096                     	;# 
    80  0096                     	;# 
    81  0097                     	;# 
    82  0098                     	;# 
    83  0099                     	;# 
    84  009A                     	;# 
    85  009B                     	;# 
    86  009B                     	;# 
    87  009C                     	;# 
    88  009D                     	;# 
    89  009D                     	;# 
    90  009E                     	;# 
    91  009F                     	;# 
    92  010C                     	;# 
    93  010C                     	;# 
    94  010D                     	;# 
    95  010E                     	;# 
    96  010F                     	;# 
    97  010F                     	;# 
    98  0110                     	;# 
    99  0111                     	;# 
   100  0112                     	;# 
   101  0113                     	;# 
   102  0114                     	;# 
   103  0115                     	;# 
   104  0116                     	;# 
   105  0117                     	;# 
   106  0118                     	;# 
   107  0119                     	;# 
   108  0119                     	;# 
   109  0119                     	;# 
   110  011A                     	;# 
   111  011A                     	;# 
   112  011A                     	;# 
   113  011B                     	;# 
   114  011B                     	;# 
   115  011B                     	;# 
   116  011B                     	;# 
   117  011B                     	;# 
   118  011C                     	;# 
   119  011C                     	;# 
   120  011C                     	;# 
   121  011D                     	;# 
   122  011D                     	;# 
   123  011D                     	;# 
   124  011E                     	;# 
   125  011E                     	;# 
   126  011E                     	;# 
   127  011F                     	;# 
   128  011F                     	;# 
   129  011F                     	;# 
   130  011F                     	;# 
   131  011F                     	;# 
   132  018C                     	;# 
   133  018D                     	;# 
   134  018E                     	;# 
   135  018F                     	;# 
   136  0190                     	;# 
   137  0191                     	;# 
   138  0192                     	;# 
   139  0196                     	;# 
   140  0197                     	;# 
   141  0198                     	;# 
   142  0199                     	;# 
   143  019A                     	;# 
   144  019B                     	;# 
   145  019C                     	;# 
   146  020C                     	;# 
   147  020D                     	;# 
   148  020E                     	;# 
   149  020E                     	;# 
   150  020F                     	;# 
   151  020F                     	;# 
   152  0210                     	;# 
   153  0210                     	;# 
   154  0211                     	;# 
   155  0211                     	;# 
   156  0212                     	;# 
   157  0213                     	;# 
   158  0214                     	;# 
   159  0214                     	;# 
   160  0215                     	;# 
   161  0215                     	;# 
   162  0216                     	;# 
   163  0216                     	;# 
   164  0217                     	;# 
   165  0217                     	;# 
   166  0218                     	;# 
   167  0219                     	;# 
   168  021A                     	;# 
   169  021A                     	;# 
   170  021B                     	;# 
   171  021B                     	;# 
   172  021C                     	;# 
   173  021C                     	;# 
   174  021D                     	;# 
   175  021D                     	;# 
   176  021E                     	;# 
   177  021F                     	;# 
   178  028C                     	;# 
   179  028C                     	;# 
   180  028D                     	;# 
   181  028D                     	;# 
   182  028E                     	;# 
   183  028F                     	;# 
   184  0290                     	;# 
   185  0291                     	;# 
   186  0292                     	;# 
   187  0292                     	;# 
   188  0293                     	;# 
   189  0293                     	;# 
   190  0294                     	;# 
   191  0295                     	;# 
   192  0296                     	;# 
   193  0297                     	;# 
   194  0298                     	;# 
   195  0298                     	;# 
   196  0299                     	;# 
   197  0299                     	;# 
   198  029A                     	;# 
   199  029B                     	;# 
   200  029C                     	;# 
   201  029D                     	;# 
   202  029F                     	;# 
   203  030C                     	;# 
   204  030C                     	;# 
   205  030D                     	;# 
   206  030E                     	;# 
   207  030F                     	;# 
   208  0310                     	;# 
   209  0310                     	;# 
   210  0311                     	;# 
   211  0312                     	;# 
   212  0313                     	;# 
   213  0314                     	;# 
   214  0314                     	;# 
   215  0315                     	;# 
   216  0316                     	;# 
   217  0317                     	;# 
   218  0318                     	;# 
   219  0318                     	;# 
   220  0319                     	;# 
   221  031A                     	;# 
   222  031B                     	;# 
   223  038C                     	;# 
   224  038C                     	;# 
   225  038D                     	;# 
   226  038E                     	;# 
   227  0390                     	;# 
   228  0390                     	;# 
   229  0391                     	;# 
   230  0392                     	;# 
   231  048C                     	;# 
   232  048C                     	;# 
   233  048D                     	;# 
   234  048E                     	;# 
   235  048F                     	;# 
   236  048F                     	;# 
   237  0490                     	;# 
   238  0491                     	;# 
   239  0492                     	;# 
   240  0492                     	;# 
   241  0493                     	;# 
   242  0494                     	;# 
   243  0495                     	;# 
   244  0495                     	;# 
   245  0496                     	;# 
   246  0497                     	;# 
   247  0498                     	;# 
   248  0499                     	;# 
   249  049A                     	;# 
   250  049B                     	;# 
   251  049C                     	;# 
   252  049D                     	;# 
   253  058C                     	;# 
   254  058C                     	;# 
   255  058D                     	;# 
   256  058E                     	;# 
   257  058F                     	;# 
   258  058F                     	;# 
   259  0590                     	;# 
   260  0591                     	;# 
   261  0592                     	;# 
   262  0593                     	;# 
   263  059C                     	;# 
   264  059C                     	;# 
   265  059D                     	;# 
   266  059D                     	;# 
   267  059E                     	;# 
   268  059F                     	;# 
   269  060C                     	;# 
   270  060C                     	;# 
   271  060D                     	;# 
   272  060D                     	;# 
   273  060E                     	;# 
   274  060F                     	;# 
   275  0610                     	;# 
   276  0611                     	;# 
   277  0612                     	;# 
   278  0613                     	;# 
   279  0614                     	;# 
   280  0616                     	;# 
   281  0616                     	;# 
   282  0617                     	;# 
   283  0617                     	;# 
   284  0618                     	;# 
   285  0619                     	;# 
   286  061A                     	;# 
   287  061B                     	;# 
   288  061C                     	;# 
   289  061D                     	;# 
   290  061E                     	;# 
   291  070C                     	;# 
   292  070D                     	;# 
   293  070E                     	;# 
   294  070F                     	;# 
   295  0710                     	;# 
   296  0711                     	;# 
   297  0712                     	;# 
   298  0713                     	;# 
   299  0714                     	;# 
   300  0716                     	;# 
   301  0717                     	;# 
   302  0718                     	;# 
   303  0719                     	;# 
   304  071A                     	;# 
   305  071B                     	;# 
   306  071C                     	;# 
   307  071D                     	;# 
   308  071E                     	;# 
   309  0796                     	;# 
   310  0797                     	;# 
   311  0798                     	;# 
   312  0799                     	;# 
   313  079A                     	;# 
   314  079B                     	;# 
   315  079C                     	;# 
   316  079D                     	;# 
   317  080C                     	;# 
   318  080D                     	;# 
   319  080E                     	;# 
   320  080F                     	;# 
   321  0810                     	;# 
   322  0811                     	;# 
   323  0812                     	;# 
   324  0813                     	;# 
   325  0814                     	;# 
   326  081A                     	;# 
   327  081A                     	;# 
   328  081B                     	;# 
   329  081C                     	;# 
   330  081C                     	;# 
   331  081D                     	;# 
   332  081E                     	;# 
   333  081F                     	;# 
   334  088C                     	;# 
   335  088D                     	;# 
   336  088E                     	;# 
   337  088F                     	;# 
   338  0890                     	;# 
   339  0891                     	;# 
   340  0892                     	;# 
   341  0893                     	;# 
   342  0895                     	;# 
   343  0896                     	;# 
   344  0897                     	;# 
   345  0898                     	;# 
   346  0899                     	;# 
   347  089A                     	;# 
   348  089B                     	;# 
   349  090C                     	;# 
   350  090E                     	;# 
   351  090F                     	;# 
   352  091F                     	;# 
   353  098F                     	;# 
   354  098F                     	;# 
   355  0990                     	;# 
   356  0991                     	;# 
   357  0992                     	;# 
   358  0993                     	;# 
   359  0994                     	;# 
   360  0995                     	;# 
   361  0996                     	;# 
   362  0997                     	;# 
   363  1E0F                     	;# 
   364  1E10                     	;# 
   365  1E11                     	;# 
   366  1E12                     	;# 
   367  1E13                     	;# 
   368  1E14                     	;# 
   369  1E15                     	;# 
   370  1E16                     	;# 
   371  1E17                     	;# 
   372  1E18                     	;# 
   373  1E19                     	;# 
   374  1E1A                     	;# 
   375  1E1B                     	;# 
   376  1E1C                     	;# 
   377  1E1D                     	;# 
   378  1E1E                     	;# 
   379  1E1F                     	;# 
   380  1E20                     	;# 
   381  1E21                     	;# 
   382  1E22                     	;# 
   383  1E23                     	;# 
   384  1E24                     	;# 
   385  1E25                     	;# 
   386  1E26                     	;# 
   387  1E27                     	;# 
   388  1E28                     	;# 
   389  1E29                     	;# 
   390  1E2A                     	;# 
   391  1E2B                     	;# 
   392  1E2C                     	;# 
   393  1E2D                     	;# 
   394  1E2E                     	;# 
   395  1E2F                     	;# 
   396  1E30                     	;# 
   397  1E31                     	;# 
   398  1E32                     	;# 
   399  1E33                     	;# 
   400  1E34                     	;# 
   401  1E35                     	;# 
   402  1E36                     	;# 
   403  1E37                     	;# 
   404  1E8F                     	;# 
   405  1E90                     	;# 
   406  1E91                     	;# 
   407  1E92                     	;# 
   408  1E93                     	;# 
   409  1E94                     	;# 
   410  1E95                     	;# 
   411  1E96                     	;# 
   412  1E97                     	;# 
   413  1E9C                     	;# 
   414  1E9D                     	;# 
   415  1E9E                     	;# 
   416  1EA1                     	;# 
   417  1EA2                     	;# 
   418  1EA3                     	;# 
   419  1EA4                     	;# 
   420  1EA9                     	;# 
   421  1EAA                     	;# 
   422  1EB1                     	;# 
   423  1EB2                     	;# 
   424  1EB8                     	;# 
   425  1EB9                     	;# 
   426  1EBA                     	;# 
   427  1EBB                     	;# 
   428  1EBC                     	;# 
   429  1EBD                     	;# 
   430  1EBE                     	;# 
   431  1EC3                     	;# 
   432  1EC5                     	;# 
   433  1EC6                     	;# 
   434  1EC7                     	;# 
   435  1EC8                     	;# 
   436  1EC9                     	;# 
   437  1ECA                     	;# 
   438  1ECB                     	;# 
   439  1ECB                     	;# 
   440  1ECB                     	;# 
   441  1ECC                     	;# 
   442  1ECC                     	;# 
   443  1ECC                     	;# 
   444  1F10                     	;# 
   445  1F11                     	;# 
   446  1F12                     	;# 
   447  1F14                     	;# 
   448  1F15                     	;# 
   449  1F1C                     	;# 
   450  1F1D                     	;# 
   451  1F1E                     	;# 
   452  1F1F                     	;# 
   453  1F20                     	;# 
   454  1F21                     	;# 
   455  1F22                     	;# 
   456  1F23                     	;# 
   457  1F24                     	;# 
   458  1F25                     	;# 
   459  1F26                     	;# 
   460  1F27                     	;# 
   461  1F38                     	;# 
   462  1F39                     	;# 
   463  1F3A                     	;# 
   464  1F3B                     	;# 
   465  1F3C                     	;# 
   466  1F3D                     	;# 
   467  1F3E                     	;# 
   468  1F3F                     	;# 
   469  1F43                     	;# 
   470  1F44                     	;# 
   471  1F45                     	;# 
   472  1F46                     	;# 
   473  1F47                     	;# 
   474  1F48                     	;# 
   475  1F49                     	;# 
   476  1F4A                     	;# 
   477  1F4E                     	;# 
   478  1F4F                     	;# 
   479  1F50                     	;# 
   480  1F51                     	;# 
   481  1F52                     	;# 
   482  1F53                     	;# 
   483  1F54                     	;# 
   484  1F55                     	;# 
   485  1FE4                     	;# 
   486  1FE5                     	;# 
   487  1FE6                     	;# 
   488  1FE7                     	;# 
   489  1FE8                     	;# 
   490  1FE8                     	;# 
   491  1FE9                     	;# 
   492  1FEA                     	;# 
   493  1FEB                     	;# 
   494  1FED                     	;# 
   495  1FEE                     	;# 
   496  1FEF                     	;# 
   497  0000                     	;# 
   498  0001                     	;# 
   499  0002                     	;# 
   500  0003                     	;# 
   501  0004                     	;# 
   502  0005                     	;# 
   503  0006                     	;# 
   504  0007                     	;# 
   505  0008                     	;# 
   506  0009                     	;# 
   507  000A                     	;# 
   508  000B                     	;# 
   509  000C                     	;# 
   510  000D                     	;# 
   511  000E                     	;# 
   512  0012                     	;# 
   513  0013                     	;# 
   514  0014                     	;# 
   515  0018                     	;# 
   516  0019                     	;# 
   517  001A                     	;# 
   518  008C                     	;# 
   519  008C                     	;# 
   520  008D                     	;# 
   521  008E                     	;# 
   522  008E                     	;# 
   523  008F                     	;# 
   524  0090                     	;# 
   525  0090                     	;# 
   526  0091                     	;# 
   527  0092                     	;# 
   528  0092                     	;# 
   529  0093                     	;# 
   530  0094                     	;# 
   531  0094                     	;# 
   532  0095                     	;# 
   533  0096                     	;# 
   534  0096                     	;# 
   535  0097                     	;# 
   536  0098                     	;# 
   537  0099                     	;# 
   538  009A                     	;# 
   539  009B                     	;# 
   540  009B                     	;# 
   541  009C                     	;# 
   542  009D                     	;# 
   543  009D                     	;# 
   544  009E                     	;# 
   545  009F                     	;# 
   546  010C                     	;# 
   547  010C                     	;# 
   548  010D                     	;# 
   549  010E                     	;# 
   550  010F                     	;# 
   551  010F                     	;# 
   552  0110                     	;# 
   553  0111                     	;# 
   554  0112                     	;# 
   555  0113                     	;# 
   556  0114                     	;# 
   557  0115                     	;# 
   558  0116                     	;# 
   559  0117                     	;# 
   560  0118                     	;# 
   561  0119                     	;# 
   562  0119                     	;# 
   563  0119                     	;# 
   564  011A                     	;# 
   565  011A                     	;# 
   566  011A                     	;# 
   567  011B                     	;# 
   568  011B                     	;# 
   569  011B                     	;# 
   570  011B                     	;# 
   571  011B                     	;# 
   572  011C                     	;# 
   573  011C                     	;# 
   574  011C                     	;# 
   575  011D                     	;# 
   576  011D                     	;# 
   577  011D                     	;# 
   578  011E                     	;# 
   579  011E                     	;# 
   580  011E                     	;# 
   581  011F                     	;# 
   582  011F                     	;# 
   583  011F                     	;# 
   584  011F                     	;# 
   585  011F                     	;# 
   586  018C                     	;# 
   587  018D                     	;# 
   588  018E                     	;# 
   589  018F                     	;# 
   590  0190                     	;# 
   591  0191                     	;# 
   592  0192                     	;# 
   593  0196                     	;# 
   594  0197                     	;# 
   595  0198                     	;# 
   596  0199                     	;# 
   597  019A                     	;# 
   598  019B                     	;# 
   599  019C                     	;# 
   600  020C                     	;# 
   601  020D                     	;# 
   602  020E                     	;# 
   603  020E                     	;# 
   604  020F                     	;# 
   605  020F                     	;# 
   606  0210                     	;# 
   607  0210                     	;# 
   608  0211                     	;# 
   609  0211                     	;# 
   610  0212                     	;# 
   611  0213                     	;# 
   612  0214                     	;# 
   613  0214                     	;# 
   614  0215                     	;# 
   615  0215                     	;# 
   616  0216                     	;# 
   617  0216                     	;# 
   618  0217                     	;# 
   619  0217                     	;# 
   620  0218                     	;# 
   621  0219                     	;# 
   622  021A                     	;# 
   623  021A                     	;# 
   624  021B                     	;# 
   625  021B                     	;# 
   626  021C                     	;# 
   627  021C                     	;# 
   628  021D                     	;# 
   629  021D                     	;# 
   630  021E                     	;# 
   631  021F                     	;# 
   632  028C                     	;# 
   633  028C                     	;# 
   634  028D                     	;# 
   635  028D                     	;# 
   636  028E                     	;# 
   637  028F                     	;# 
   638  0290                     	;# 
   639  0291                     	;# 
   640  0292                     	;# 
   641  0292                     	;# 
   642  0293                     	;# 
   643  0293                     	;# 
   644  0294                     	;# 
   645  0295                     	;# 
   646  0296                     	;# 
   647  0297                     	;# 
   648  0298                     	;# 
   649  0298                     	;# 
   650  0299                     	;# 
   651  0299                     	;# 
   652  029A                     	;# 
   653  029B                     	;# 
   654  029C                     	;# 
   655  029D                     	;# 
   656  029F                     	;# 
   657  030C                     	;# 
   658  030C                     	;# 
   659  030D                     	;# 
   660  030E                     	;# 
   661  030F                     	;# 
   662  0310                     	;# 
   663  0310                     	;# 
   664  0311                     	;# 
   665  0312                     	;# 
   666  0313                     	;# 
   667  0314                     	;# 
   668  0314                     	;# 
   669  0315                     	;# 
   670  0316                     	;# 
   671  0317                     	;# 
   672  0318                     	;# 
   673  0318                     	;# 
   674  0319                     	;# 
   675  031A                     	;# 
   676  031B                     	;# 
   677  038C                     	;# 
   678  038C                     	;# 
   679  038D                     	;# 
   680  038E                     	;# 
   681  0390                     	;# 
   682  0390                     	;# 
   683  0391                     	;# 
   684  0392                     	;# 
   685  048C                     	;# 
   686  048C                     	;# 
   687  048D                     	;# 
   688  048E                     	;# 
   689  048F                     	;# 
   690  048F                     	;# 
   691  0490                     	;# 
   692  0491                     	;# 
   693  0492                     	;# 
   694  0492                     	;# 
   695  0493                     	;# 
   696  0494                     	;# 
   697  0495                     	;# 
   698  0495                     	;# 
   699  0496                     	;# 
   700  0497                     	;# 
   701  0498                     	;# 
   702  0499                     	;# 
   703  049A                     	;# 
   704  049B                     	;# 
   705  049C                     	;# 
   706  049D                     	;# 
   707  058C                     	;# 
   708  058C                     	;# 
   709  058D                     	;# 
   710  058E                     	;# 
   711  058F                     	;# 
   712  058F                     	;# 
   713  0590                     	;# 
   714  0591                     	;# 
   715  0592                     	;# 
   716  0593                     	;# 
   717  059C                     	;# 
   718  059C                     	;# 
   719  059D                     	;# 
   720  059D                     	;# 
   721  059E                     	;# 
   722  059F                     	;# 
   723  060C                     	;# 
   724  060C                     	;# 
   725  060D                     	;# 
   726  060D                     	;# 
   727  060E                     	;# 
   728  060F                     	;# 
   729  0610                     	;# 
   730  0611                     	;# 
   731  0612                     	;# 
   732  0613                     	;# 
   733  0614                     	;# 
   734  0616                     	;# 
   735  0616                     	;# 
   736  0617                     	;# 
   737  0617                     	;# 
   738  0618                     	;# 
   739  0619                     	;# 
   740  061A                     	;# 
   741  061B                     	;# 
   742  061C                     	;# 
   743  061D                     	;# 
   744  061E                     	;# 
   745  070C                     	;# 
   746  070D                     	;# 
   747  070E                     	;# 
   748  070F                     	;# 
   749  0710                     	;# 
   750  0711                     	;# 
   751  0712                     	;# 
   752  0713                     	;# 
   753  0714                     	;# 
   754  0716                     	;# 
   755  0717                     	;# 
   756  0718                     	;# 
   757  0719                     	;# 
   758  071A                     	;# 
   759  071B                     	;# 
   760  071C                     	;# 
   761  071D                     	;# 
   762  071E                     	;# 
   763  0796                     	;# 
   764  0797                     	;# 
   765  0798                     	;# 
   766  0799                     	;# 
   767  079A                     	;# 
   768  079B                     	;# 
   769  079C                     	;# 
   770  079D                     	;# 
   771  080C                     	;# 
   772  080D                     	;# 
   773  080E                     	;# 
   774  080F                     	;# 
   775  0810                     	;# 
   776  0811                     	;# 
   777  0812                     	;# 
   778  0813                     	;# 
   779  0814                     	;# 
   780  081A                     	;# 
   781  081A                     	;# 
   782  081B                     	;# 
   783  081C                     	;# 
   784  081C                     	;# 
   785  081D                     	;# 
   786  081E                     	;# 
   787  081F                     	;# 
   788  088C                     	;# 
   789  088D                     	;# 
   790  088E                     	;# 
   791  088F                     	;# 
   792  0890                     	;# 
   793  0891                     	;# 
   794  0892                     	;# 
   795  0893                     	;# 
   796  0895                     	;# 
   797  0896                     	;# 
   798  0897                     	;# 
   799  0898                     	;# 
   800  0899                     	;# 
   801  089A                     	;# 
   802  089B                     	;# 
   803  090C                     	;# 
   804  090E                     	;# 
   805  090F                     	;# 
   806  091F                     	;# 
   807  098F                     	;# 
   808  098F                     	;# 
   809  0990                     	;# 
   810  0991                     	;# 
   811  0992                     	;# 
   812  0993                     	;# 
   813  0994                     	;# 
   814  0995                     	;# 
   815  0996                     	;# 
   816  0997                     	;# 
   817  1E0F                     	;# 
   818  1E10                     	;# 
   819  1E11                     	;# 
   820  1E12                     	;# 
   821  1E13                     	;# 
   822  1E14                     	;# 
   823  1E15                     	;# 
   824  1E16                     	;# 
   825  1E17                     	;# 
   826  1E18                     	;# 
   827  1E19                     	;# 
   828  1E1A                     	;# 
   829  1E1B                     	;# 
   830  1E1C                     	;# 
   831  1E1D                     	;# 
   832  1E1E                     	;# 
   833  1E1F                     	;# 
   834  1E20                     	;# 
   835  1E21                     	;# 
   836  1E22                     	;# 
   837  1E23                     	;# 
   838  1E24                     	;# 
   839  1E25                     	;# 
   840  1E26                     	;# 
   841  1E27                     	;# 
   842  1E28                     	;# 
   843  1E29                     	;# 
   844  1E2A                     	;# 
   845  1E2B                     	;# 
   846  1E2C                     	;# 
   847  1E2D                     	;# 
   848  1E2E                     	;# 
   849  1E2F                     	;# 
   850  1E30                     	;# 
   851  1E31                     	;# 
   852  1E32                     	;# 
   853  1E33                     	;# 
   854  1E34                     	;# 
   855  1E35                     	;# 
   856  1E36                     	;# 
   857  1E37                     	;# 
   858  1E8F                     	;# 
   859  1E90                     	;# 
   860  1E91                     	;# 
   861  1E92                     	;# 
   862  1E93                     	;# 
   863  1E94                     	;# 
   864  1E95                     	;# 
   865  1E96                     	;# 
   866  1E97                     	;# 
   867  1E9C                     	;# 
   868  1E9D                     	;# 
   869  1E9E                     	;# 
   870  1EA1                     	;# 
   871  1EA2                     	;# 
   872  1EA3                     	;# 
   873  1EA4                     	;# 
   874  1EA9                     	;# 
   875  1EAA                     	;# 
   876  1EB1                     	;# 
   877  1EB2                     	;# 
   878  1EB8                     	;# 
   879  1EB9                     	;# 
   880  1EBA                     	;# 
   881  1EBB                     	;# 
   882  1EBC                     	;# 
   883  1EBD                     	;# 
   884  1EBE                     	;# 
   885  1EC3                     	;# 
   886  1EC5                     	;# 
   887  1EC6                     	;# 
   888  1EC7                     	;# 
   889  1EC8                     	;# 
   890  1EC9                     	;# 
   891  1ECA                     	;# 
   892  1ECB                     	;# 
   893  1ECB                     	;# 
   894  1ECB                     	;# 
   895  1ECC                     	;# 
   896  1ECC                     	;# 
   897  1ECC                     	;# 
   898  1F10                     	;# 
   899  1F11                     	;# 
   900  1F12                     	;# 
   901  1F14                     	;# 
   902  1F15                     	;# 
   903  1F1C                     	;# 
   904  1F1D                     	;# 
   905  1F1E                     	;# 
   906  1F1F                     	;# 
   907  1F20                     	;# 
   908  1F21                     	;# 
   909  1F22                     	;# 
   910  1F23                     	;# 
   911  1F24                     	;# 
   912  1F25                     	;# 
   913  1F26                     	;# 
   914  1F27                     	;# 
   915  1F38                     	;# 
   916  1F39                     	;# 
   917  1F3A                     	;# 
   918  1F3B                     	;# 
   919  1F3C                     	;# 
   920  1F3D                     	;# 
   921  1F3E                     	;# 
   922  1F3F                     	;# 
   923  1F43                     	;# 
   924  1F44                     	;# 
   925  1F45                     	;# 
   926  1F46                     	;# 
   927  1F47                     	;# 
   928  1F48                     	;# 
   929  1F49                     	;# 
   930  1F4A                     	;# 
   931  1F4E                     	;# 
   932  1F4F                     	;# 
   933  1F50                     	;# 
   934  1F51                     	;# 
   935  1F52                     	;# 
   936  1F53                     	;# 
   937  1F54                     	;# 
   938  1F55                     	;# 
   939  1FE4                     	;# 
   940  1FE5                     	;# 
   941  1FE6                     	;# 
   942  1FE7                     	;# 
   943  1FE8                     	;# 
   944  1FE8                     	;# 
   945  1FE9                     	;# 
   946  1FEA                     	;# 
   947  1FEB                     	;# 
   948  1FED                     	;# 
   949  1FEE                     	;# 
   950  1FEF                     	;# 
   951                           
   952                           	psect	cinit
   953  07FD                     start_initialization:	
   954                           ; #config settings
   955                           
   956  07FD                     __initialization:	
   957  07FD                     end_of_initialization:	
   958                           ;End of C runtime variable initialization code
   959                           
   960  07FD                     __end_of__initialization:	
   961  07FD  0140               	movlb	0
   962  07FE  3187  2FFB         	ljmp	_main	;jump to C main() function
   963                           
   964                           	psect	cstackCOMMON
   965  0000                     __pcstackCOMMON:	
   966  0000                     ?_main:	
   967  0000                     ??_main:	
   968                           ; 1 bytes @ 0x0
   969                           
   970                           
   971                           	psect	maintext
   972  07FB                     __pmaintext:	
   973                           ; 1 bytes @ 0x0
   974 ;;
   975 ;;Main: autosize = 0, tempsize = 0, incstack = 0, save=0
   976 ;;
   977 ;; *************** function _main *****************
   978 ;; Defined at:
   979 ;;		line 11 in file "main.c"
   980 ;; Parameters:    Size  Location     Type
   981 ;;		None
   982 ;; Auto vars:     Size  Location     Type
   983 ;;		None
   984 ;; Return value:  Size  Location     Type
   985 ;;                  1    wreg      void 
   986 ;; Registers used:
   987 ;;		None
   988 ;; Tracked objects:
   989 ;;		On entry : B3F/0
   990 ;;		On exit  : 0/0
   991 ;;		Unchanged: 0/0
   992 ;; Data sizes:     COMMON   BANK0   BANK1   BANK2   BANK3   BANK4   BANK5   BANK6   BANK7   BANK8   BANK9  BANK10  BANK1
      +1  BANK12  BANK13  BANK14  BANK15  BANK16  BANK17  BANK18  BANK19  BANK20  BANK21  BANK22  BANK23  BANK24  BANK25
   993 ;;      Params:         0       0       0       0       0       0       0       0       0       0       0       0       
      +0       0       0       0       0       0       0       0       0       0       0       0       0       0       0
   994 ;;      Locals:         0       0       0       0       0       0       0       0       0       0       0       0       
      +0       0       0       0       0       0       0       0       0       0       0       0       0       0       0
   995 ;;      Temps:          0       0       0       0       0       0       0       0       0       0       0       0       
      +0       0       0       0       0       0       0       0       0       0       0       0       0       0       0
   996 ;;      Totals:         0       0       0       0       0       0       0       0       0       0       0       0       
      +0       0       0       0       0       0       0       0       0       0       0       0       0       0       0
   997 ;;Total ram usage:        0 bytes
   998 ;; This function calls:
   999 ;;		Nothing
  1000 ;; This function is called by:
  1001 ;;		Startup code after reset
  1002 ;; This function uses a non-reentrant model
  1003 ;;
  1004                           
  1005                           
  1006                           ;psect for function _main
  1007  07FB                     _main:	
  1008                           
  1009                           ;main.c: 12:     return;
  1010                           
  1011                           ;incstack = 0
  1012                           ; Regs used in _main: []
  1013  07FB  3180  2802         	ljmp	start
  1014  07FD                     __end_of_main:	
  1015  007E                     btemp	set	126	;btemp
  1016  007E                     wtemp0	set	126


Data Sizes:
    Strings     0
    Constant    0
    Data        0
    BSS         0
    Persistent  32
    Stack       0

Auto Spaces:
    Space          Size  Autos    Used
    COMMON           14      0       0
    BANK0            80      0       0
    BANK1            80      0       0
    BANK2            80      0       0
    BANK3            80      0       0
    BANK4            80      0       0
    BANK5            80      0       0
    BANK6            80      0       0
    BANK7            80      0       0
    BANK8            80      0       0
    BANK9            80      0       0
    BANK10           80      0       0
    BANK11           80      0       0
    BANK12           80      0       0
    BANK13           80      0       0
    BANK14           80      0       0
    BANK15           80      0       0
    BANK16           80      0       0
    BANK17           80      0       0
    BANK18           80      0       0
    BANK19           80      0       0
    BANK20           80      0       0
    BANK21           80      0       0
    BANK22           80      0       0
    BANK23           80      0       0
    BANK24           80      0       0
    BANK25           32      0       0

Pointer List with Targets:

    None.

Critical Paths under _main in COMMON

    None.

Critical Paths under _main in BANK0

    None.

Critical Paths under _main in BANK1

    None.

Critical Paths under _main in BANK2

    None.

Critical Paths under _main in BANK3

    None.

Critical Paths under _main in BANK4

    None.

Critical Paths under _main in BANK5

    None.

Critical Paths under _main in BANK6

    None.

Critical Paths under _main in BANK7

    None.

Critical Paths under _main in BANK8

    None.

Critical Paths under _main in BANK9

    None.

Critical Paths under _main in BANK10

    None.

Critical Paths under _main in BANK11

    None.

Critical Paths under _main in BANK12

    None.

Critical Paths under _main in BANK13

    None.

Critical Paths under _main in BANK14

    None.

Critical Paths under _main in BANK15

    None.

Critical Paths under _main in BANK16

    None.

Critical Paths under _main in BANK17

    None.

Critical Paths under _main in BANK18

    None.

Critical Paths under _main in BANK19

    None.

Critical Paths under _main in BANK20

    None.

Critical Paths under _main in BANK21

    None.

Critical Paths under _main in BANK22

    None.

Critical Paths under _main in BANK23

    None.

Critical Paths under _main in BANK24

    None.

Critical Paths under _main in BANK25

    None.

Call Graph Tables:

 ---------------------------------------------------------------------------------
 (Depth) Function   	        Calls       Base Space   Used Autos Params    Refs
 ---------------------------------------------------------------------------------
 (0) _main                                                 0     0      0       0
 ---------------------------------------------------------------------------------
 Estimated maximum stack depth 0
 ---------------------------------------------------------------------------------

 Call Graph Graphs:

 _main (ROOT)

 Address spaces:
Name               Size   Autos  Total    Cost      Usage
BIGRAM             7F0      0       0       0        0.0%
EEDATA             100      0       0       0        0.0%
NULL                 0      0       0       0        0.0%
CODE                 0      0       0       0        0.0%
BITCOMMON            E      0       0       1        0.0%
BITSFR0              0      0       0       1        0.0%
SFR0                 0      0       0       1        0.0%
COMMON               E      0       0       2        0.0%
BITSFR1              0      0       0       2        0.0%
SFR1                 0      0       0       2        0.0%
BITSFR2              0      0       0       3        0.0%
SFR2                 0      0       0       3        0.0%
STACK                0      0       0       3        0.0%
BITBANK0            50      0       0       4        0.0%
BITSFR3              0      0       0       4        0.0%
SFR3                 0      0       0       4        0.0%
BANK0               50      0       0       5        0.0%
BITSFR4              0      0       0       5        0.0%
SFR4                 0      0       0       5        0.0%
BITSFR5              0      0       0       6        0.0%
SFR5                 0      0       0       6        0.0%
ABS                  0      0       0       6        0.0%
BITBANK1            50      0       0       7        0.0%
BITSFR6              0      0       0       7        0.0%
SFR6                 0      0       0       7        0.0%
BANK1               50      0       0       8        0.0%
BITSFR7              0      0       0       8        0.0%
SFR7                 0      0       0       8        0.0%
BITBANK2            50      0       0       9        0.0%
BITSFR8              0      0       0       9        0.0%
SFR8                 0      0       0       9        0.0%
BANK2               50      0       0      10        0.0%
BITSFR9              0      0       0      10        0.0%
SFR9                 0      0       0      10        0.0%
BITBANK3            50      0       0      11        0.0%
BITSFR10             0      0       0      11        0.0%
SFR10                0      0       0      11        0.0%
BANK3               50      0       0      12        0.0%
BITSFR11             0      0       0      12        0.0%
SFR11                0      0       0      12        0.0%
BITBANK4            50      0       0      13        0.0%
BITSFR12             0      0       0      13        0.0%
SFR12                0      0       0      13        0.0%
BANK4               50      0       0      14        0.0%
BITSFR13             0      0       0      14        0.0%
SFR13                0      0       0      14        0.0%
BITBANK5            50      0       0      15        0.0%
BITSFR14             0      0       0      15        0.0%
SFR14                0      0       0      15        0.0%
BANK5               50      0       0      16        0.0%
BITSFR15             0      0       0      16        0.0%
SFR15                0      0       0      16        0.0%
BITBANK6            50      0       0      17        0.0%
BITSFR16             0      0       0      17        0.0%
SFR16                0      0       0      17        0.0%
BANK6               50      0       0      18        0.0%
BITSFR17             0      0       0      18        0.0%
SFR17                0      0       0      18        0.0%
BITBANK7            50      0       0      19        0.0%
BITSFR18             0      0       0      19        0.0%
SFR18                0      0       0      19        0.0%
BANK7               50      0       0      20        0.0%
BITSFR19             0      0       0      20        0.0%
SFR19                0      0       0      20        0.0%
BITBANK8            50      0       0      21        0.0%
BITSFR20             0      0       0      21        0.0%
SFR20                0      0       0      21        0.0%
BANK8               50      0       0      22        0.0%
BITSFR21             0      0       0      22        0.0%
SFR21                0      0       0      22        0.0%
BITBANK9            50      0       0      23        0.0%
BITSFR22             0      0       0      23        0.0%
SFR22                0      0       0      23        0.0%
BANK9               50      0       0      24        0.0%
BITSFR23             0      0       0      24        0.0%
SFR23                0      0       0      24        0.0%
BITBANK10           50      0       0      25        0.0%
BITSFR24             0      0       0      25        0.0%
SFR24                0      0       0      25        0.0%
BANK10              50      0       0      26        0.0%
BITSFR25             0      0       0      26        0.0%
SFR25                0      0       0      26        0.0%
BITBANK11           50      0       0      27        0.0%
BITSFR26             0      0       0      27        0.0%
SFR26                0      0       0      27        0.0%
BANK11              50      0       0      28        0.0%
BITSFR27             0      0       0      28        0.0%
SFR27                0      0       0      28        0.0%
BITBANK12           50      0       0      29        0.0%
BITSFR28             0      0       0      29        0.0%
SFR28                0      0       0      29        0.0%
BANK12              50      0       0      30        0.0%
BITSFR29             0      0       0      30        0.0%
SFR29                0      0       0      30        0.0%
BITBANK13           50      0       0      31        0.0%
BITSFR30             0      0       0      31        0.0%
SFR30                0      0       0      31        0.0%
BANK13              50      0       0      32        0.0%
BITSFR31             0      0       0      32        0.0%
SFR31                0      0       0      32        0.0%
BITBANK14           50      0       0      33        0.0%
BITSFR32             0      0       0      33        0.0%
SFR32                0      0       0      33        0.0%
BANK14              50      0       0      34        0.0%
BITSFR33             0      0       0      34        0.0%
SFR33                0      0       0      34        0.0%
BITBANK15           50      0       0      35        0.0%
BITSFR34             0      0       0      35        0.0%
SFR34                0      0       0      35        0.0%
BANK15              50      0       0      36        0.0%
BITSFR35             0      0       0      36        0.0%
SFR35                0      0       0      36        0.0%
BITBANK16           50      0       0      37        0.0%
BITSFR36             0      0       0      37        0.0%
SFR36                0      0       0      37        0.0%
BANK16              50      0       0      38        0.0%
BITSFR37             0      0       0      38        0.0%
SFR37                0      0       0      38        0.0%
BITBANK17           50      0       0      39        0.0%
BITSFR38             0      0       0      39        0.0%
SFR38                0      0       0      39        0.0%
BANK17              50      0       0      40        0.0%
BITSFR39             0      0       0      40        0.0%
SFR39                0      0       0      40        0.0%
BITBANK18           50      0       0      41        0.0%
BITSFR40             0      0       0      41        0.0%
SFR40                0      0       0      41        0.0%
BANK18              50      0       0      42        0.0%
BITSFR41             0      0       0      42        0.0%
SFR41                0      0       0      42        0.0%
BITBANK19           50      0       0      43        0.0%
BITSFR42             0      0       0      43        0.0%
SFR42                0      0       0      43        0.0%
BANK19              50      0       0      44        0.0%
BITSFR43             0      0       0      44        0.0%
SFR43                0      0       0      44        0.0%
BITBANK20           50      0       0      45        0.0%
BITSFR44             0      0       0      45        0.0%
SFR44                0      0       0      45        0.0%
BANK20              50      0       0      46        0.0%
BITSFR45             0      0       0      46        0.0%
SFR45                0      0       0      46        0.0%
BITBANK21           50      0       0      47        0.0%
BITSFR46             0      0       0      47        0.0%
SFR46                0      0       0      47        0.0%
BANK21              50      0       0      48        0.0%
BITSFR47             0      0       0      48        0.0%
SFR47                0      0       0      48        0.0%
BITBANK22           50      0       0      49        0.0%
BITSFR48             0      0       0      49        0.0%
SFR48                0      0       0      49        0.0%
BANK22              50      0       0      50        0.0%
BITSFR49             0      0       0      50        0.0%
SFR49                0      0       0      50        0.0%
BITBANK23           50      0       0      51        0.0%
BITSFR50             0      0       0      51        0.0%
SFR50                0      0       0      51        0.0%
BANK23              50      0       0      52        0.0%
BITSFR51             0      0       0      52        0.0%
SFR51                0      0       0      52        0.0%
BITBANK24           50      0       0      53        0.0%
BITSFR52             0      0       0      53        0.0%
SFR52                0      0       0      53        0.0%
BANK24              50      0       0      54        0.0%
BITSFR53             0      0       0      54        0.0%
SFR53                0      0       0      54        0.0%
BITBANK25           20      0       0      55        0.0%
BITSFR54             0      0       0      55        0.0%
SFR54                0      0       0      55        0.0%
BANK25              20      0       0      56        0.0%
BITSFR55             0      0       0      56        0.0%
SFR55                0      0       0      56        0.0%
BITSFR56             0      0       0      57        0.0%
SFR56                0      0       0      57        0.0%
DATA                 0      0       0      57        0.0%
BITSFR57             0      0       0      58        0.0%
SFR57                0      0       0      58        0.0%
BITSFR58             0      0       0      59        0.0%
SFR58                0      0       0      59        0.0%
BITSFR59             0      0       0      60        0.0%
SFR59                0      0       0      60        0.0%
BITSFR60             0      0       0      61        0.0%
SFR60                0      0       0      61        0.0%
BITSFR61             0      0       0      62        0.0%
SFR61                0      0       0      62        0.0%
BITSFR62             0      0       0      63        0.0%
SFR62                0      0       0      63        0.0%
BITSFR63             0      0       0      64        0.0%
SFR63                0      0       0      64        0.0%


Microchip Technology PIC Macro Assembler V2.05 build -831301201 
Symbol Table                                                                                   Fri Jul 31 12:00:19 2020

                   _main 07FB                     btemp 007E                     start 0002  
                  ?_main 0000                    wtemp0 007E          __initialization 07FD  
           __end_of_main 07FD                   ??_main 0000  __end_of__initialization 07FD  
         __pcstackCOMMON 0000               __pmaintext 07FB     end_of_initialization 07FD  
    start_initialization 07FD                ___latbits 0003            __size_of_main 0002  
